# JRE version: OpenJDK Runtime Environment (8.0_202-b03) (build 1.8.0_202-release-1483-b03)
# Java VM: OpenJDK 64-Bit Server VM (25.202-b03 mixed mode windows-amd64 compressed oops)
Heap:
 PSYoungGen      total 426496K, used 191753K [0x00000000e0000000, 0x0000000100000000, 0x0000000100000000)
  eden space 398336K, 41% used [0x00000000e0000000,0x00000000e9fc4180,0x00000000f8500000)
  from space 28160K, 99% used [0x00000000f8500000,0x00000000fa07e460,0x00000000fa080000)
  to   space 41472K, 0% used [0x00000000fd780000,0x00000000fd780000,0x0000000100000000)
 ParOldGen       total 128000K, used 68603K [0x00000000a0000000, 0x00000000a7d00000, 0x00000000e0000000)
  object space 128000K, 53% used [0x00000000a0000000,0x00000000a42fef70,0x00000000a7d00000)
 Metaspace       used 87814K, capacity 91414K, committed 91520K, reserved 1128448K
  class space    used 11180K, capacity 11878K, committed 11904K, reserved 1048576K
GC Heap History (10 events):
Event: 100.685 GC heap before
{Heap before GC invocations=16 (full 2):
 PSYoungGen      total 270848K, used 74601K [0x00000000e0000000, 0x00000000f5800000, 0x0000000100000000)
  eden space 256512K, 23% used [0x00000000e0000000,0x00000000e3ae0168,0x00000000efa80000)
  from space 14336K, 99% used [0x00000000efa80000,0x00000000f087a410,0x00000000f0880000)
  to   space 17920K, 0% used [0x00000000f4680000,0x00000000f4680000,0x00000000f5800000)
 ParOldGen       total 90112K, used 19686K [0x00000000a0000000, 0x00000000a5800000, 0x00000000e0000000)
  object space 90112K, 21% used [0x00000000a0000000,0x00000000a13399e8,0x00000000a5800000)
 Metaspace       used 57295K, capacity 58938K, committed 59096K, reserved 1101824K
  class space    used 7324K, capacity 7705K, committed 7808K, reserved 1048576K
Event: 100.709 GC heap after
Heap after GC invocations=16 (full 2):
 PSYoungGen      total 333824K, used 13468K [0x00000000e0000000, 0x00000000f6980000, 0x0000000100000000)
  eden space 315904K, 0% used [0x00000000e0000000,0x00000000e0000000,0x00000000f3480000)
  from space 17920K, 75% used [0x00000000f4680000,0x00000000f53a7000,0x00000000f5800000)
  to   space 18432K, 0% used [0x00000000f3480000,0x00000000f3480000,0x00000000f4680000)
 ParOldGen       total 90112K, used 26324K [0x00000000a0000000, 0x00000000a5800000, 0x00000000e0000000)
  object space 90112K, 29% used [0x00000000a0000000,0x00000000a19b5290,0x00000000a5800000)
 Metaspace       used 57295K, capacity 58938K, committed 59096K, reserved 1101824K
  class space    used 7324K, capacity 7705K, committed 7808K, reserved 1048576K
}
Event: 100.709 GC heap before
{Heap before GC invocations=17 (full 3):
 PSYoungGen      total 333824K, used 13468K [0x00000000e0000000, 0x00000000f6980000, 0x0000000100000000)
  eden space 315904K, 0% used [0x00000000e0000000,0x00000000e0000000,0x00000000f3480000)
  from space 17920K, 75% used [0x00000000f4680000,0x00000000f53a7000,0x00000000f5800000)
  to   space 18432K, 0% used [0x00000000f3480000,0x00000000f3480000,0x00000000f4680000)
 ParOldGen       total 90112K, used 26324K [0x00000000a0000000, 0x00000000a5800000, 0x00000000e0000000)
  object space 90112K, 29% used [0x00000000a0000000,0x00000000a19b5290,0x00000000a5800000)
 Metaspace       used 57295K, capacity 58938K, committed 59096K, reserved 1101824K
  class space    used 7324K, capacity 7705K, committed 7808K, reserved 1048576K
Event: 100.988 GC heap after
Heap after GC invocations=17 (full 3):
 PSYoungGen      total 333824K, used 0K [0x00000000e0000000, 0x00000000f6980000, 0x0000000100000000)
  eden space 315904K, 0% used [0x00000000e0000000,0x00000000e0000000,0x00000000f3480000)
  from space 17920K, 0% used [0x00000000f4680000,0x00000000f4680000,0x00000000f5800000)
  to   space 18432K, 0% used [0x00000000f3480000,0x00000000f3480000,0x00000000f4680000)
 ParOldGen       total 128000K, used 32583K [0x00000000a0000000, 0x00000000a7d00000, 0x00000000e0000000)
  object space 128000K, 25% used [0x00000000a0000000,0x00000000a1fd1c88,0x00000000a7d00000)
 Metaspace       used 57231K, capacity 58802K, committed 59096K, reserved 1101824K
  class space    used 7306K, capacity 7683K, committed 7808K, reserved 1048576K
}
Event: 177.759 GC heap before
{Heap before GC invocations=18 (full 3):
 PSYoungGen      total 333824K, used 315904K [0x00000000e0000000, 0x00000000f6980000, 0x0000000100000000)
  eden space 315904K, 100% used [0x00000000e0000000,0x00000000f3480000,0x00000000f3480000)
  from space 17920K, 0% used [0x00000000f4680000,0x00000000f4680000,0x00000000f5800000)
  to   space 18432K, 0% used [0x00000000f3480000,0x00000000f3480000,0x00000000f4680000)
 ParOldGen       total 128000K, used 32591K [0x00000000a0000000, 0x00000000a7d00000, 0x00000000e0000000)
  object space 128000K, 25% used [0x00000000a0000000,0x00000000a1fd3eb0,0x00000000a7d00000)
 Metaspace       used 70626K, capacity 73068K, committed 73344K, reserved 1112064K
  class space    used 9282K, capacity 9803K, committed 9856K, reserved 1048576K
Event: 177.797 GC heap after
Heap after GC invocations=18 (full 3):
 PSYoungGen      total 334336K, used 18427K [0x00000000e0000000, 0x00000000fbc00000, 0x0000000100000000)
  eden space 315904K, 0% used [0x00000000e0000000,0x00000000e0000000,0x00000000f3480000)
  from space 18432K, 99% used [0x00000000f3480000,0x00000000f467ef50,0x00000000f4680000)
  to   space 22016K, 0% used [0x00000000fa680000,0x00000000fa680000,0x00000000fbc00000)
 ParOldGen       total 128000K, used 35661K [0x00000000a0000000, 0x00000000a7d00000, 0x00000000e0000000)
  object space 128000K, 27% used [0x00000000a0000000,0x00000000a22d3600,0x00000000a7d00000)
 Metaspace       used 70626K, capacity 73068K, committed 73344K, reserved 1112064K
  class space    used 9282K, capacity 9803K, committed 9856K, reserved 1048576K
}
Event: 271.369 GC heap before
{Heap before GC invocations=19 (full 3):
 PSYoungGen      total 334336K, used 334331K [0x00000000e0000000, 0x00000000fbc00000, 0x0000000100000000)
  eden space 315904K, 100% used [0x00000000e0000000,0x00000000f3480000,0x00000000f3480000)
  from space 18432K, 99% used [0x00000000f3480000,0x00000000f467ef50,0x00000000f4680000)
  to   space 22016K, 0% used [0x00000000fa680000,0x00000000fa680000,0x00000000fbc00000)
 ParOldGen       total 128000K, used 35670K [0x00000000a0000000, 0x00000000a7d00000, 0x00000000e0000000)
  object space 128000K, 27% used [0x00000000a0000000,0x00000000a22d5970,0x00000000a7d00000)
 Metaspace       used 72255K, capacity 74784K, committed 75008K, reserved 1114112K
  class space    used 9383K, capacity 9905K, committed 9984K, reserved 1048576K
Event: 271.434 GC heap after
Heap after GC invocations=19 (full 3):
 PSYoungGen      total 420352K, used 21999K [0x00000000e0000000, 0x00000000fbc00000, 0x0000000100000000)
  eden space 398336K, 0% used [0x00000000e0000000,0x00000000e0000000,0x00000000f8500000)
  from space 22016K, 99% used [0x00000000fa680000,0x00000000fbbfbdf0,0x00000000fbc00000)
  to   space 28160K, 0% used [0x00000000f8500000,0x00000000f8500000,0x00000000fa080000)
 ParOldGen       total 128000K, used 44343K [0x00000000a0000000, 0x00000000a7d00000, 0x00000000e0000000)
  object space 128000K, 34% used [0x00000000a0000000,0x00000000a2b4dde0,0x00000000a7d00000)
 Metaspace       used 72255K, capacity 74784K, committed 75008K, reserved 1114112K
  class space    used 9383K, capacity 9905K, committed 9984K, reserved 1048576K
}
Event: 532.146 GC heap before
{Heap before GC invocations=20 (full 3):
 PSYoungGen      total 420352K, used 420335K [0x00000000e0000000, 0x00000000fbc00000, 0x0000000100000000)
  eden space 398336K, 100% used [0x00000000e0000000,0x00000000f8500000,0x00000000f8500000)
  from space 22016K, 99% used [0x00000000fa680000,0x00000000fbbfbdf0,0x00000000fbc00000)
  to   space 28160K, 0% used [0x00000000f8500000,0x00000000f8500000,0x00000000fa080000)
 ParOldGen       total 128000K, used 44343K [0x00000000a0000000, 0x00000000a7d00000, 0x00000000e0000000)
  object space 128000K, 34% used [0x00000000a0000000,0x00000000a2b4dde0,0x00000000a7d00000)
 Metaspace       used 80686K, capacity 83830K, committed 84096K, reserved 1122304K
  class space    used 10203K, capacity 10854K, committed 10880K, reserved 1048576K
Event: 532.245 GC heap after
Heap after GC invocations=20 (full 3):
 PSYoungGen      total 426496K, used 28153K [0x00000000e0000000, 0x0000000100000000, 0x0000000100000000)
  eden space 398336K, 0% used [0x00000000e0000000,0x00000000e0000000,0x00000000f8500000)
  from space 28160K, 99% used [0x00000000f8500000,0x00000000fa07e460,0x00000000fa080000)
  to   space 41472K, 0% used [0x00000000fd780000,0x00000000fd780000,0x0000000100000000)
 ParOldGen       total 128000K, used 68603K [0x00000000a0000000, 0x00000000a7d00000, 0x00000000e0000000)
  object space 128000K, 53% used [0x00000000a0000000,0x00000000a42fef70,0x00000000a7d00000)
 Metaspace       used 80686K, capacity 83830K, committed 84096K, reserved 1122304K
  class space    used 10203K, capacity 10854K, committed 10880K, reserved 1048576K
}

